<?xml version="1.0" encoding="UTF-8"?>
<!-- Generated by org.testng.reporters.JUnitReportReporter -->
<testsuite skipped="0" hostname="CHETAN-PC" name="dd_testcases.VerifySearchFunctionality" tests="1" failures="0" timestamp="15 Sep 2017 08:27:26 GMT" time="4.303" errors="0">
  <testcase name="searchFunctionality" time="4.303" classname="dd_testcases.VerifySearchFunctionality"/>
</testsuite> <!-- dd_testcases.VerifySearchFunctionality -->
