<?xml version="1.0" encoding="UTF-8"?>
<!-- Generated by org.testng.reporters.JUnitReportReporter -->
<testsuite skipped="1" hostname="CHETAN-PC" name="dd_testcases.TC_08Verify_Google_apps_and_products_on_webpage" tests="1" failures="0" timestamp="24 Sep 2017 07:36:56 GMT" time="0.000" errors="0">
  <testcase name="verify_Google_apps_products_on_webpage" time="0.000" classname="dd_testcases.TC_08Verify_Google_apps_and_products_on_webpage">
    <skipped/>
  </testcase> <!-- verify_Google_apps_products_on_webpage -->
</testsuite> <!-- dd_testcases.TC_08Verify_Google_apps_and_products_on_webpage -->
