<?xml version="1.0" encoding="UTF-8"?>
<!-- Generated by org.testng.reporters.JUnitReportReporter -->
<testsuite skipped="0" hostname="CHETAN-PC" name="dd_testcases.SignInAllapps" tests="1" failures="0" timestamp="13 Sep 2017 10:53:15 GMT" time="17.043" errors="0">
  <testcase name="login" time="17.043" classname="dd_testcases.SignInAllapps"/>
</testsuite> <!-- dd_testcases.SignInAllapps -->
