<?xml version="1.0" encoding="UTF-8"?>
<!-- Generated by org.testng.reporters.JUnitReportReporter -->
<testsuite skipped="0" hostname="CHETAN-PC" name="dd_testcases.Googleappsproductsonwebpage" tests="1" failures="0" timestamp="15 Sep 2017 10:17:03 GMT" time="26.293" errors="0">
  <testcase name="verify_Google_apps_products_on_webpage" time="26.293" classname="dd_testcases.Googleappsproductsonwebpage"/>
</testsuite> <!-- dd_testcases.Googleappsproductsonwebpage -->
