<?xml version="1.0" encoding="UTF-8"?>
<!-- Generated by org.testng.reporters.JUnitReportReporter -->
<testsuite skipped="0" hostname="CHETAN-PC" name="dd_testcases.GoogleLaunchTest" tests="1" failures="0" timestamp="17 Sep 2017 17:11:44 GMT" time="1.274" errors="0">
  <testcase name="googleLaunchVerify" time="1.274" classname="dd_testcases.GoogleLaunchTest"/>
</testsuite> <!-- dd_testcases.GoogleLaunchTest -->
