<?xml version="1.0" encoding="UTF-8"?>
<!-- Generated by org.testng.reporters.JUnitReportReporter -->
<testsuite skipped="0" hostname="CHETAN-PC" name="dd_testcases.TC_02GoogleappsVisibleInDialogBox" tests="1" failures="0" timestamp="24 Sep 2017 07:36:56 GMT" time="1.967" errors="0">
  <testcase name="Verifygoogleappsvisible" time="1.967" classname="dd_testcases.TC_02GoogleappsVisibleInDialogBox"/>
</testsuite> <!-- dd_testcases.TC_02GoogleappsVisibleInDialogBox -->
