<?xml version="1.0" encoding="UTF-8"?>
<!-- Generated by org.testng.reporters.JUnitReportReporter -->
<testsuite skipped="0" hostname="CHETAN-PC" name="dd_testcases.openandColseBrowser" tests="1" failures="0" timestamp="13 Sep 2017 15:21:48 GMT" time="1.565" errors="0">
  <testcase name="VerifygoogleappsLaunch" time="1.565" classname="dd_testcases.openandColseBrowser"/>
</testsuite> <!-- dd_testcases.openandColseBrowser -->
