<?xml version="1.0" encoding="UTF-8"?>
<!-- Generated by org.testng.reporters.JUnitReportReporter -->
<testsuite skipped="1" hostname="CHETAN-PC" name="dd_testcases.TC_05Verify_User_is_able_to_Change_Google_Language" tests="1" failures="0" timestamp="24 Sep 2017 07:36:56 GMT" time="0.000" errors="0">
  <testcase name="googleLanguage" time="0.000" classname="dd_testcases.TC_05Verify_User_is_able_to_Change_Google_Language">
    <skipped/>
  </testcase> <!-- googleLanguage -->
</testsuite> <!-- dd_testcases.TC_05Verify_User_is_able_to_Change_Google_Language -->
