<?xml version="1.0" encoding="UTF-8"?>
<!-- Generated by org.testng.reporters.JUnitReportReporter -->
<testsuite skipped="0" hostname="CHETAN-PC" name="dd_testcases.GoogleappsTestVisible" tests="1" failures="0" timestamp="07 Sep 2017 10:39:29 GMT" time="1.550" errors="0">
  <testcase name="Verifygoogleappsvisible" time="1.550" classname="dd_testcases.GoogleappsTestVisible"/>
</testsuite> <!-- dd_testcases.GoogleappsTestVisible -->
