<?xml version="1.0" encoding="UTF-8"?>
<!-- Generated by org.testng.reporters.JUnitReportReporter -->
<testsuite skipped="1" hostname="CHETAN-PC" name="dd_testcases.TC_09Verify_User_able_login_to_Gmail" tests="1" failures="0" timestamp="24 Sep 2017 07:36:56 GMT" time="0.000" errors="0">
  <testcase name="login" time="0.000" classname="dd_testcases.TC_09Verify_User_able_login_to_Gmail">
    <skipped/>
  </testcase> <!-- login -->
</testsuite> <!-- dd_testcases.TC_09Verify_User_able_login_to_Gmail -->
