<?xml version="1.0" encoding="UTF-8"?>
<!-- Generated by org.testng.reporters.JUnitReportReporter -->
<testsuite skipped="0" hostname="CHETAN-PC" name="dd_testcases.GoogleappsLaunchTest" tests="1" failures="0" timestamp="13 Sep 2017 15:20:58 GMT" time="22.694" errors="0">
  <testcase name="VerifygoogleappsLaunch" time="22.694" classname="dd_testcases.GoogleappsLaunchTest"/>
</testsuite> <!-- dd_testcases.GoogleappsLaunchTest -->
