<?xml version="1.0" encoding="UTF-8"?>
<!-- Generated by org.testng.reporters.JUnitReportReporter -->
<testsuite skipped="0" hostname="CHETAN-PC" name="dd_testcases.TC_01GoogleWebpageLaunchTest" tests="1" failures="0" timestamp="24 Sep 2017 07:36:56 GMT" time="0.353" errors="0">
  <testcase name="googleLaunchVerify" time="0.353" classname="dd_testcases.TC_01GoogleWebpageLaunchTest"/>
</testsuite> <!-- dd_testcases.TC_01GoogleWebpageLaunchTest -->
