<?xml version="1.0" encoding="UTF-8"?>
<!-- Generated by org.testng.reporters.JUnitReportReporter -->
<testsuite skipped="0" hostname="CHETAN-PC" name="dd_testcases.clickingonthelanguagelinks" tests="1" failures="0" timestamp="13 Sep 2017 15:08:58 GMT" time="2.666" errors="0">
  <testcase name="googleLanguage" time="2.666" classname="dd_testcases.clickingonthelanguagelinks"/>
</testsuite> <!-- dd_testcases.clickingonthelanguagelinks -->
