<?xml version="1.0" encoding="UTF-8"?>
<!-- Generated by org.testng.reporters.JUnitReportReporter -->
<testsuite skipped="0" hostname="CHETAN-PC" name="dd_testcases.logintoGmail" tests="1" failures="0" timestamp="17 Sep 2017 11:23:27 GMT" time="82.162" errors="0">
  <testcase name="login" time="82.162" classname="dd_testcases.logintoGmail"/>
</testsuite> <!-- dd_testcases.logintoGmail -->
